<?xml version="1.0" encoding="UTF-8"?>
<!-- Generated by org.testng.reporters.JUnitReportReporter -->
<testsuite skipped="0" hostname="DESKTOP-1SCR1MJ" name="com.malaria.test.HomepageTest" tests="1" failures="0" timestamp="17 Jul 2018 14:29:18 GMT" time="3.042" errors="0">
  <testcase name="app_launching" time="3.042" classname="com.malaria.test.HomepageTest"/>
</testsuite> <!-- com.malaria.test.HomepageTest -->
